# JRE version: OpenJDK Runtime Environment Temurin-22.0.2+9 (22.0.2+9) (build 22.0.2+9)
# Java VM: OpenJDK 64-Bit Server VM Temurin-22.0.2+9 (22.0.2+9, mixed mode, tiered, compressed oops, compressed class ptrs, g1 gc, windows-amd64)
GC Precious Log:
 CardTable entry size: 512
 Card Set container configuration: InlinePtr #cards 5 size 8 Array Of Cards #cards 12 size 40 Howl #buckets 4 coarsen threshold 1843 Howl Bitmap #cards 512 size 80 coarsen threshold 460 Card regions per heap region 1 cards per card region 2048
 CPUs: 4 total, 4 available
 Memory: 3828M
 Large Page Support: Disabled
 NUMA Support: Disabled
 Compressed Oops: Enabled (32-bit)
 Heap Region Size: 1M
 Heap Min Capacity: 8M
 Heap Initial Capacity: 60M
 Heap Max Capacity: 958M
 Pre-touch: Disabled
 Parallel Workers: 4
 Concurrent Workers: 1
 Concurrent Refinement Workers: 4
 Periodic GC: Disabled
Heap:
 garbage-first heap   total reserved 980992K, committed 34816K, used 18781K [0x00000000c4200000, 0x0000000100000000)
  region size 1024K, 3 young (3072K), 1 survivors (1024K)
 Metaspace       used 37540K, committed 38080K, reserved 1114112K
  class space    used 4478K, committed 4736K, reserved 1048576K
GC Heap History (18 events):
Event: 1.981 GC heap before
{Heap before GC invocations=0 (full 0):
 garbage-first heap   total reserved 980992K, committed 61440K, used 13312K [0x00000000c4200000, 0x0000000100000000)
  region size 1024K, 14 young (14336K), 0 survivors (0K)
 Metaspace       used 12538K, committed 12736K, reserved 1114112K
  class space    used 1188K, committed 1280K, reserved 1048576K
}
Event: 1.992 GC heap after
{Heap after GC invocations=1 (full 0):
 garbage-first heap   total reserved 980992K, committed 61440K, used 6907K [0x00000000c4200000, 0x0000000100000000)
  region size 1024K, 2 young (2048K), 2 survivors (2048K)
 Metaspace       used 12538K, committed 12736K, reserved 1114112K
  class space    used 1188K, committed 1280K, reserved 1048576K
}
Event: 2.937 GC heap before
{Heap before GC invocations=1 (full 0):
 garbage-first heap   total reserved 980992K, committed 61440K, used 19195K [0x00000000c4200000, 0x0000000100000000)
  region size 1024K, 14 young (14336K), 2 survivors (2048K)
 Metaspace       used 16891K, committed 17216K, reserved 1114112K
  class space    used 1746K, committed 1920K, reserved 1048576K
}
Event: 2.942 GC heap after
{Heap after GC invocations=2 (full 0):
 garbage-first heap   total reserved 980992K, committed 61440K, used 7965K [0x00000000c4200000, 0x0000000100000000)
  region size 1024K, 1 young (1024K), 1 survivors (1024K)
 Metaspace       used 16891K, committed 17216K, reserved 1114112K
  class space    used 1746K, committed 1920K, reserved 1048576K
}
Event: 3.413 GC heap before
{Heap before GC invocations=2 (full 0):
 garbage-first heap   total reserved 980992K, committed 61440K, used 23325K [0x00000000c4200000, 0x0000000100000000)
  region size 1024K, 17 young (17408K), 1 survivors (1024K)
 Metaspace       used 21200K, committed 21504K, reserved 1114112K
  class space    used 2196K, committed 2304K, reserved 1048576K
}
Event: 3.417 GC heap after
{Heap after GC invocations=3 (full 0):
 garbage-first heap   total reserved 980992K, committed 61440K, used 9223K [0x00000000c4200000, 0x0000000100000000)
  region size 1024K, 3 young (3072K), 3 survivors (3072K)
 Metaspace       used 21200K, committed 21504K, reserved 1114112K
  class space    used 2196K, committed 2304K, reserved 1048576K
}
Event: 4.444 GC heap before
{Heap before GC invocations=4 (full 0):
 garbage-first heap   total reserved 980992K, committed 34816K, used 25607K [0x00000000c4200000, 0x0000000100000000)
  region size 1024K, 20 young (20480K), 3 survivors (3072K)
 Metaspace       used 25804K, committed 26176K, reserved 1114112K
  class space    used 2788K, committed 2944K, reserved 1048576K
}
Event: 4.452 GC heap after
{Heap after GC invocations=5 (full 0):
 garbage-first heap   total reserved 980992K, committed 34816K, used 10892K [0x00000000c4200000, 0x0000000100000000)
  region size 1024K, 3 young (3072K), 3 survivors (3072K)
 Metaspace       used 25804K, committed 26176K, reserved 1114112K
  class space    used 2788K, committed 2944K, reserved 1048576K
}
Event: 5.384 GC heap before
{Heap before GC invocations=5 (full 0):
 garbage-first heap   total reserved 980992K, committed 34816K, used 23180K [0x00000000c4200000, 0x0000000100000000)
  region size 1024K, 16 young (16384K), 3 survivors (3072K)
 Metaspace       used 28749K, committed 29184K, reserved 1114112K
  class space    used 3209K, committed 3392K, reserved 1048576K
}
Event: 5.394 GC heap after
{Heap after GC invocations=6 (full 0):
 garbage-first heap   total reserved 980992K, committed 34816K, used 12733K [0x00000000c4200000, 0x0000000100000000)
  region size 1024K, 2 young (2048K), 2 survivors (2048K)
 Metaspace       used 28749K, committed 29184K, reserved 1114112K
  class space    used 3209K, committed 3392K, reserved 1048576K
}
Event: 6.006 GC heap before
{Heap before GC invocations=6 (full 0):
 garbage-first heap   total reserved 980992K, committed 34816K, used 23997K [0x00000000c4200000, 0x0000000100000000)
  region size 1024K, 14 young (14336K), 2 survivors (2048K)
 Metaspace       used 32067K, committed 32512K, reserved 1114112K
  class space    used 3619K, committed 3840K, reserved 1048576K
}
Event: 6.013 GC heap after
{Heap after GC invocations=7 (full 0):
 garbage-first heap   total reserved 980992K, committed 34816K, used 16301K [0x00000000c4200000, 0x0000000100000000)
  region size 1024K, 2 young (2048K), 2 survivors (2048K)
 Metaspace       used 32067K, committed 32512K, reserved 1114112K
  class space    used 3619K, committed 3840K, reserved 1048576K
}
Event: 6.701 GC heap before
{Heap before GC invocations=7 (full 0):
 garbage-first heap   total reserved 980992K, committed 34816K, used 25517K [0x00000000c4200000, 0x0000000100000000)
  region size 1024K, 12 young (12288K), 2 survivors (2048K)
 Metaspace       used 35170K, committed 35712K, reserved 1114112K
  class space    used 4118K, committed 4352K, reserved 1048576K
}
Event: 6.707 GC heap after
{Heap after GC invocations=8 (full 0):
 garbage-first heap   total reserved 980992K, committed 34816K, used 16985K [0x00000000c4200000, 0x0000000100000000)
  region size 1024K, 2 young (2048K), 2 survivors (2048K)
 Metaspace       used 35170K, committed 35712K, reserved 1114112K
  class space    used 4118K, committed 4352K, reserved 1048576K
}
Event: 6.833 GC heap before
{Heap before GC invocations=8 (full 0):
 garbage-first heap   total reserved 980992K, committed 34816K, used 18009K [0x00000000c4200000, 0x0000000100000000)
  region size 1024K, 5 young (5120K), 2 survivors (2048K)
 Metaspace       used 35692K, committed 36160K, reserved 1114112K
  class space    used 4192K, committed 4416K, reserved 1048576K
}
Event: 6.838 GC heap after
{Heap after GC invocations=9 (full 0):
 garbage-first heap   total reserved 980992K, committed 34816K, used 17144K [0x00000000c4200000, 0x0000000100000000)
  region size 1024K, 1 young (1024K), 1 survivors (1024K)
 Metaspace       used 35692K, committed 36160K, reserved 1114112K
  class space    used 4192K, committed 4416K, reserved 1048576K
}
Event: 197.933 GC heap before
{Heap before GC invocations=10 (full 0):
 garbage-first heap   total reserved 980992K, committed 34816K, used 26360K [0x00000000c4200000, 0x0000000100000000)
  region size 1024K, 11 young (11264K), 1 survivors (1024K)
 Metaspace       used 37520K, committed 38080K, reserved 1114112K
  class space    used 4478K, committed 4736K, reserved 1048576K
}
Event: 197.937 GC heap after
{Heap after GC invocations=11 (full 0):
 garbage-first heap   total reserved 980992K, committed 34816K, used 17757K [0x00000000c4200000, 0x0000000100000000)
  region size 1024K, 1 young (1024K), 1 survivors (1024K)
 Metaspace       used 37520K, committed 38080K, reserved 1114112K
  class space    used 4478K, committed 4736K, reserved 1048576K
}

