<?xml version="1.0" encoding="UTF-8"?>
<!-- Generated by org.testng.reporters.JUnitXMLReporter -->
<testsuite ignored="0" hostname="DESKTOP-O2B332N" failures="1" tests="1" name="Default test" time="19.396" errors="0" timestamp="2024-11-08T23:23:23 IST">
  <testcase classname="io.cucumber.testng.AbstractTestNGCucumberTests" name="runScenario" time="17.29">
    <failure type="java.lang.AssertionError" message="expected [No data] but found [Beetroot]">
      <![CDATA[java.lang.AssertionError: expected [No data] but found [Beetroot]
at org.testng.Assert.fail(Assert.java:111)
at org.testng.Assert.failNotEquals(Assert.java:1578)
at org.testng.Assert.assertEqualsImpl(Assert.java:150)
at org.testng.Assert.assertEquals(Assert.java:132)
at org.testng.Assert.assertEquals(Assert.java:656)
at org.testng.Assert.assertEquals(Assert.java:666)
at stepDefinations.OfferPageStepDefination.validate_product_name_in_offer_page_matches_with_landing_page(OfferPageStepDefination.java:54)
at ✽.validate product name in offer page matches with landing page(file:///C:/Users/Admin/eclipse-workspace/PracticeWP/CucumberFramwork/src/test/java/Features/searchProduct.feature:10)
]]>
    </failure>
  </testcase> <!-- runScenario -->
</testsuite> <!-- Default test -->
